Copyright 1986-2022 Xilinx, Inc. All Rights Reserved. Copyright 2022-2025 Advanced Micro Devices, Inc. All Rights Reserved.
------------------------------------------------------------------------------------------------------------------------------------------------------------
| Tool Version : Vivado v.2025.2 (lin64) Build 6299465 Fri Nov 14 12:34:56 MST 2025
| Date         : Thu Mar 19 17:06:12 2026
| Host         : bren-ubuntu24-04 running 64-bit Ubuntu 24.04.4 LTS
| Command      : report_timing_summary -file /home/brendan/synthesis_workspace/Floating_Point_Dividers/synthesis_logs/timing_divider_fp32_newtonraphson.rpt
| Design       : divider_fp32_newtonraphson
| Device       : 7a35t-cpg236
| Speed File   : -1  PRODUCTION 1.23 2018-06-13
| Design State : Synthesized
------------------------------------------------------------------------------------------------------------------------------------------------------------

Timing Summary Report

------------------------------------------------------------------------------------------------
| Timer Settings
| --------------
------------------------------------------------------------------------------------------------

  Enable Multi Corner Analysis               :  Yes
  Enable Pessimism Removal                   :  Yes
  Pessimism Removal Resolution               :  Nearest Common Node
  Enable Input Delay Default Clock           :  No
  Enable Preset / Clear Arcs                 :  No
  Disable Flight Delays                      :  No
  Ignore I/O Paths                           :  No
  Timing Early Launch at Borrowing Latches   :  No
  Borrow Time for Max Delay Exceptions       :  Yes
  Merge Timing Exceptions                    :  Yes
  Inter-SLR Compensation                     :  Conservative

  Corner  Analyze    Analyze    
  Name    Max Paths  Min Paths  
  ------  ---------  ---------  
  Slow    Yes        Yes        
  Fast    Yes        Yes        


------------------------------------------------------------------------------------------------
| Report Methodology
| ------------------
------------------------------------------------------------------------------------------------

No report available as report_methodology has not been run prior. Run report_methodology on the current design for the summary of methodology violations.



check_timing report

Table of Contents
-----------------
1. checking no_clock (0)
2. checking constant_clock (0)
3. checking pulse_width_clock (0)
4. checking unconstrained_internal_endpoints (0)
5. checking no_input_delay (67)
6. checking no_output_delay (38)
7. checking multiple_clock (0)
8. checking generated_clocks (0)
9. checking loops (0)
10. checking partial_input_delay (0)
11. checking partial_output_delay (0)
12. checking latch_loops (0)

1. checking no_clock (0)
------------------------
 There are 0 register/latch pins with no clock.


2. checking constant_clock (0)
------------------------------
 There are 0 register/latch pins with constant_clock.


3. checking pulse_width_clock (0)
---------------------------------
 There are 0 register/latch pins which need pulse_width check


4. checking unconstrained_internal_endpoints (0)
------------------------------------------------
 There are 0 pins that are not constrained for maximum delay.

 There are 0 pins that are not constrained for maximum delay due to constant clock.


5. checking no_input_delay (67)
-------------------------------
 There are 67 input ports with no input delay specified. (HIGH)

 There are 0 input ports with no input delay but user has a false path constraint.


6. checking no_output_delay (38)
--------------------------------
 There are 38 ports with no output delay specified. (HIGH)

 There are 0 ports with no output delay but user has a false path constraint

 There are 0 ports with no output delay but with a timing clock defined on it or propagating through it


7. checking multiple_clock (0)
------------------------------
 There are 0 register/latch pins with multiple clocks.


8. checking generated_clocks (0)
--------------------------------
 There are 0 generated clocks that are not connected to a clock source.


9. checking loops (0)
---------------------
 There are 0 combinational loops in the design.


10. checking partial_input_delay (0)
------------------------------------
 There are 0 input ports with partial input delay specified.


11. checking partial_output_delay (0)
-------------------------------------
 There are 0 ports with partial output delay specified.


12. checking latch_loops (0)
----------------------------
 There are 0 combinational latch loops in the design through latch input



------------------------------------------------------------------------------------------------
| Design Timing Summary
| ---------------------
------------------------------------------------------------------------------------------------

    WNS(ns)      TNS(ns)  TNS Failing Endpoints  TNS Total Endpoints      WHS(ns)      THS(ns)  THS Failing Endpoints  THS Total Endpoints     WPWS(ns)     TPWS(ns)  TPWS Failing Endpoints  TPWS Total Endpoints  
    -------      -------  ---------------------  -------------------      -------      -------  ---------------------  -------------------     --------     --------  ----------------------  --------------------  
     -2.095     -164.670                    206                  490        0.134        0.000                      0                  490        4.500        0.000                       0                   112  


Timing constraints are not met.


------------------------------------------------------------------------------------------------
| Clock Summary
| -------------
------------------------------------------------------------------------------------------------

Clock  Waveform(ns)       Period(ns)      Frequency(MHz)
-----  ------------       ----------      --------------
CLK    {0.000 5.000}      10.000          100.000         


------------------------------------------------------------------------------------------------
| Intra Clock Table
| -----------------
------------------------------------------------------------------------------------------------

Clock             WNS(ns)      TNS(ns)  TNS Failing Endpoints  TNS Total Endpoints      WHS(ns)      THS(ns)  THS Failing Endpoints  THS Total Endpoints     WPWS(ns)     TPWS(ns)  TPWS Failing Endpoints  TPWS Total Endpoints  
-----             -------      -------  ---------------------  -------------------      -------      -------  ---------------------  -------------------     --------     --------  ----------------------  --------------------  
CLK                -2.095     -164.670                    206                  490        0.134        0.000                      0                  490        4.500        0.000                       0                   112  


------------------------------------------------------------------------------------------------
| Inter Clock Table
| -----------------
------------------------------------------------------------------------------------------------

From Clock    To Clock          WNS(ns)      TNS(ns)  TNS Failing Endpoints  TNS Total Endpoints      WHS(ns)      THS(ns)  THS Failing Endpoints  THS Total Endpoints  
----------    --------          -------      -------  ---------------------  -------------------      -------      -------  ---------------------  -------------------  


------------------------------------------------------------------------------------------------
| Other Path Groups Table
| -----------------------
------------------------------------------------------------------------------------------------

Path Group    From Clock    To Clock          WNS(ns)      TNS(ns)  TNS Failing Endpoints  TNS Total Endpoints      WHS(ns)      THS(ns)  THS Failing Endpoints  THS Total Endpoints  
----------    ----------    --------          -------      -------  ---------------------  -------------------      -------      -------  ---------------------  -------------------  


------------------------------------------------------------------------------------------------
| Timing Details
| --------------
------------------------------------------------------------------------------------------------


---------------------------------------------------------------------------------------------------
From Clock:  CLK
  To Clock:  CLK

Setup :          206  Failing Endpoints,  Worst Slack       -2.095ns,  Total Violation     -164.670ns
Hold  :            0  Failing Endpoints,  Worst Slack        0.134ns,  Total Violation        0.000ns
PW    :            0  Failing Endpoints,  Worst Slack        4.500ns,  Total Violation        0.000ns
---------------------------------------------------------------------------------------------------


Max Delay Paths
--------------------------------------------------------------------------------------
Slack (VIOLATED) :        -2.095ns  (required time - arrival time)
  Source:                 factor2__1/CLK
                            (rising edge-triggered cell DSP48E1 clocked by CLK  {rise@0.000ns fall@5.000ns period=10.000ns})
  Destination:            x_reg0__0/B[12]
                            (rising edge-triggered cell DSP48E1 clocked by CLK  {rise@0.000ns fall@5.000ns period=10.000ns})
  Path Group:             CLK
  Path Type:              Setup (Max at Slow Process Corner)
  Requirement:            10.000ns  (CLK rise@10.000ns - CLK rise@0.000ns)
  Data Path Delay:        11.285ns  (logic 8.805ns (78.021%)  route 2.480ns (21.979%))
  Logic Levels:           14  (CARRY4=12 DSP48E1=1 LUT2=1)
  Clock Path Skew:        -0.145ns (DCD - SCD + CPR)
    Destination Clock Delay (DCD):    2.079ns = ( 12.079 - 10.000 ) 
    Source Clock Delay      (SCD):    2.402ns
    Clock Pessimism Removal (CPR):    0.178ns
  Clock Uncertainty:      0.035ns  ((TSJ^2 + TIJ^2)^1/2 + DJ) / 2 + PE
    Total System Jitter     (TSJ):    0.071ns
    Total Input Jitter      (TIJ):    0.000ns
    Discrete Jitter          (DJ):    0.000ns
    Phase Error              (PE):    0.000ns

    Location             Delay type                Incr(ns)  Path(ns)    Netlist Resource(s)
  -------------------------------------------------------------------    -------------------
                         (clock CLK rise edge)        0.000     0.000 r  
                                                      0.000     0.000 r  CLK (IN)
                         net (fo=0)                   0.000     0.000    CLK
                         IBUF (Prop_ibuf_I_O)         0.923     0.923 r  CLK_IBUF_inst/O
                         net (fo=1, unplaced)         0.800     1.722    CLK_IBUF
                         BUFG (Prop_bufg_I_O)         0.096     1.818 r  CLK_IBUF_BUFG_inst/O
                         net (fo=120, unplaced)       0.584     2.402    CLK_IBUF_BUFG
                         DSP48E1                                      r  factor2__1/CLK
  -------------------------------------------------------------------    -------------------
                         DSP48E1 (Prop_dsp48e1_CLK_PCOUT[47])
                                                      4.206     6.608 r  factor2__1/PCOUT[47]
                         net (fo=1, unplaced)         0.055     6.663    factor2__1_n_106
                         DSP48E1 (Prop_dsp48e1_PCIN[47]_P[0])
                                                      1.518     8.181 r  factor2__2/P[0]
                         net (fo=2, unplaced)         0.800     8.981    factor2__2_n_105
                         LUT2 (Prop_lut2_I0_O)        0.124     9.105 r  x_reg0_i_69/O
                         net (fo=1, unplaced)         0.000     9.105    x_reg0_i_69_n_0
                         CARRY4 (Prop_carry4_S[1]_CO[3])
                                                      0.533     9.638 r  x_reg0_i_62/CO[3]
                         net (fo=1, unplaced)         0.009     9.647    x_reg0_i_62_n_0
                         CARRY4 (Prop_carry4_CI_CO[3])
                                                      0.117     9.764 r  x_reg0_i_57/CO[3]
                         net (fo=1, unplaced)         0.000     9.764    x_reg0_i_57_n_0
                         CARRY4 (Prop_carry4_CI_CO[3])
                                                      0.117     9.881 r  x_reg0_i_32/CO[3]
                         net (fo=1, unplaced)         0.000     9.881    x_reg0_i_32_n_0
                         CARRY4 (Prop_carry4_CI_O[3])
                                                      0.331    10.212 r  x_reg0_i_26/O[3]
                         net (fo=1, unplaced)         0.808    11.020    x_reg0_i_26_n_4
                         CARRY4 (Prop_carry4_S[0]_CO[3])
                                                      0.820    11.840 r  x_reg0_i_6/CO[3]
                         net (fo=1, unplaced)         0.009    11.849    x_reg0_i_6_n_0
                         CARRY4 (Prop_carry4_CI_CO[3])
                                                      0.117    11.966 r  x_reg0_i_5/CO[3]
                         net (fo=1, unplaced)         0.000    11.966    x_reg0_i_5_n_0
                         CARRY4 (Prop_carry4_CI_CO[3])
                                                      0.117    12.083 r  x_reg0_i_4/CO[3]
                         net (fo=1, unplaced)         0.000    12.083    x_reg0_i_4_n_0
                         CARRY4 (Prop_carry4_CI_CO[3])
                                                      0.117    12.200 r  x_reg0_i_3/CO[3]
                         net (fo=1, unplaced)         0.000    12.200    x_reg0_i_3_n_0
                         CARRY4 (Prop_carry4_CI_CO[3])
                                                      0.117    12.317 r  x_reg0_i_2/CO[3]
                         net (fo=1, unplaced)         0.000    12.317    x_reg0_i_2_n_0
                         CARRY4 (Prop_carry4_CI_CO[3])
                                                      0.117    12.434 r  x_reg0__0_i_3/CO[3]
                         net (fo=1, unplaced)         0.000    12.434    x_reg0__0_i_3_n_0
                         CARRY4 (Prop_carry4_CI_CO[3])
                                                      0.117    12.551 r  x_reg0__0_i_2/CO[3]
                         net (fo=1, unplaced)         0.000    12.551    x_reg0__0_i_2_n_0
                         CARRY4 (Prop_carry4_CI_O[1])
                                                      0.337    12.888 r  x_reg0__0_i_1/O[1]
                         net (fo=2, unplaced)         0.800    13.688    factor0[29]
                         DSP48E1                                      r  x_reg0__0/B[12]
  -------------------------------------------------------------------    -------------------

                         (clock CLK rise edge)       10.000    10.000 r  
                                                      0.000    10.000 r  CLK (IN)
                         net (fo=0)                   0.000    10.000    CLK
                         IBUF (Prop_ibuf_I_O)         0.789    10.789 r  CLK_IBUF_inst/O
                         net (fo=1, unplaced)         0.760    11.549    CLK_IBUF
                         BUFG (Prop_bufg_I_O)         0.091    11.640 r  CLK_IBUF_BUFG_inst/O
                         net (fo=120, unplaced)       0.439    12.079    CLK_IBUF_BUFG
                         DSP48E1                                      r  x_reg0__0/CLK
                         clock pessimism              0.178    12.257    
                         clock uncertainty           -0.035    12.222    
                         DSP48E1 (Setup_dsp48e1_CLK_B[12])
                                                     -0.629    11.593    x_reg0__0
  -------------------------------------------------------------------
                         required time                         11.593    
                         arrival time                         -13.688    
  -------------------------------------------------------------------
                         slack                                 -2.095    





Min Delay Paths
--------------------------------------------------------------------------------------
Slack (MET) :             0.134ns  (arrival time - required time)
  Source:                 res_sign_reg/C
                            (rising edge-triggered cell FDRE clocked by CLK  {rise@0.000ns fall@5.000ns period=10.000ns})
  Destination:            Q_reg[31]/D
                            (rising edge-triggered cell FDRE clocked by CLK  {rise@0.000ns fall@5.000ns period=10.000ns})
  Path Group:             CLK
  Path Type:              Hold (Min at Fast Process Corner)
  Requirement:            0.000ns  (CLK rise@0.000ns - CLK rise@0.000ns)
  Data Path Delay:        0.370ns  (logic 0.239ns (64.578%)  route 0.131ns (35.422%))
  Logic Levels:           1  (LUT4=1)
  Clock Path Skew:        0.145ns (DCD - SCD - CPR)
    Destination Clock Delay (DCD):    0.983ns
    Source Clock Delay      (SCD):    0.629ns
    Clock Pessimism Removal (CPR):    0.209ns

    Location             Delay type                Incr(ns)  Path(ns)    Netlist Resource(s)
  -------------------------------------------------------------------    -------------------
                         (clock CLK rise edge)        0.000     0.000 r  
                                                      0.000     0.000 r  CLK (IN)
                         net (fo=0)                   0.000     0.000    CLK
                         IBUF (Prop_ibuf_I_O)         0.152     0.152 r  CLK_IBUF_inst/O
                         net (fo=1, unplaced)         0.337     0.489    CLK_IBUF
                         BUFG (Prop_bufg_I_O)         0.026     0.515 r  CLK_IBUF_BUFG_inst/O
                         net (fo=120, unplaced)       0.114     0.629    CLK_IBUF_BUFG
                         FDRE                                         r  res_sign_reg/C
  -------------------------------------------------------------------    -------------------
                         FDRE (Prop_fdre_C_Q)         0.141     0.770 r  res_sign_reg/Q
                         net (fo=1, unplaced)         0.131     0.901    data0[31]
                         LUT4 (Prop_lut4_I3_O)        0.098     0.999 r  Q[31]_i_2/O
                         net (fo=1, unplaced)         0.000     0.999    Q0_in[31]
                         FDRE                                         r  Q_reg[31]/D
  -------------------------------------------------------------------    -------------------

                         (clock CLK rise edge)        0.000     0.000 r  
                                                      0.000     0.000 r  CLK (IN)
                         net (fo=0)                   0.000     0.000    CLK
                         IBUF (Prop_ibuf_I_O)         0.340     0.340 r  CLK_IBUF_inst/O
                         net (fo=1, unplaced)         0.355     0.695    CLK_IBUF
                         BUFG (Prop_bufg_I_O)         0.029     0.724 r  CLK_IBUF_BUFG_inst/O
                         net (fo=120, unplaced)       0.259     0.983    CLK_IBUF_BUFG
                         FDRE                                         r  Q_reg[31]/C
                         clock pessimism             -0.209     0.774    
                         FDRE (Hold_fdre_C_D)         0.091     0.865    Q_reg[31]
  -------------------------------------------------------------------
                         required time                         -0.865    
                         arrival time                           0.999    
  -------------------------------------------------------------------
                         slack                                  0.134    





Pulse Width Checks
--------------------------------------------------------------------------------------
Clock Name:         CLK
Waveform(ns):       { 0.000 5.000 }
Period(ns):         10.000
Sources:            { CLK }

Check Type        Corner  Lib Pin      Reference Pin  Required(ns)  Actual(ns)  Slack(ns)  Location  Pin
Min Period        n/a     DSP48E1/CLK  n/a            3.687         10.000      6.313                final_prod0__0/CLK
Low Pulse Width   Slow    FDRE/C       n/a            0.500         5.000       4.500                FSM_sequential_state_reg[0]/C
High Pulse Width  Slow    FDRE/C       n/a            0.500         5.000       4.500                FSM_sequential_state_reg[0]/C



