#-----------------------------------------------------------
# Vivado v2025.2 (64-bit)
# SW Build 6299465 on Fri Nov 14 12:34:56 MST 2025
# IP Build 6300035 on Fri Nov 14 10:48:45 MST 2025
# SharedData Build 6298862 on Thu Nov 13 04:50:51 MST 2025
# Start of session at: Thu Mar 19 17:04:14 2026
# Process ID         : 13603
# Current directory  : /home/brendan/synthesis_workspace/Floating_Point_Dividers/synthesis_logs
# Command line       : vivado -mode batch -source synth_divider_fp32_srt4.tcl -log vivado_divider_fp32_srt4.log -journal vivado_divider_fp32_srt4.jou
# Log file           : /home/brendan/synthesis_workspace/Floating_Point_Dividers/synthesis_logs/vivado_divider_fp32_srt4.log
# Journal file       : /home/brendan/synthesis_workspace/Floating_Point_Dividers/synthesis_logs/vivado_divider_fp32_srt4.jou
# Running On         : bren-ubuntu24-04
# Platform           : Ubuntu
# Operating System   : Ubuntu 24.04.4 LTS
# Processor Detail   : Intel(R) Core(TM) i7-3770 CPU @ 3.40GHz
# CPU Frequency      : 1927.680 MHz
# CPU Physical cores : 4
# CPU Logical cores  : 8
# Host memory        : 16630 MB
# Swap memory        : 4294 MB
# Total Virtual      : 20925 MB
# Available Virtual  : 15210 MB
#-----------------------------------------------------------
source synth_divider_fp32_srt4.tcl
# set_param general.maxThreads 4
# create_project -in_memory -part xc7a35tcpg236-1
# read_verilog -sv [list \
#     /home/brendan/synthesis_workspace/Floating_Point_Dividers/divider_fp32_srt4.sv \
#     /home/brendan/synthesis_workspace/Floating_Point_Dividers/fp32_classify.sv /home/brendan/synthesis_workspace/Floating_Point_Dividers/fp32_exception_check.sv /home/brendan/synthesis_workspace/Floating_Point_Dividers/fp32_round_rne.sv \
# ]
# set xdc_file "/home/brendan/synthesis_workspace/Floating_Point_Dividers/synthesis_logs/clock_divider_fp32_srt4.xdc"
# set fp [open $xdc_file w]
# puts $fp "create_clock -period 10.000 -name CLK \[get_ports CLK\]"
# close $fp
# read_xdc $xdc_file
# synth_design -top divider_fp32_srt4 -part xc7a35tcpg236-1
Command: synth_design -top divider_fp32_srt4 -part xc7a35tcpg236-1
Starting synth_design
Attempting to get a license for feature 'Synthesis' and/or device 'xc7a35t'
INFO: [Common 17-349] Got license for feature 'Synthesis' and/or device 'xc7a35t'
INFO: [Device 21-403] Loading part xc7a35tcpg236-1
INFO: [Synth 8-7079] Multithreading enabled for synth_design using a maximum of 4 processes.
INFO: [Synth 8-7078] Launching helper process for spawning children vivado processes
INFO: [Synth 8-7075] Helper process launched with PID 13634
---------------------------------------------------------------------------------
Starting RTL Elaboration : Time (s): cpu = 00:00:06 ; elapsed = 00:00:06 . Memory (MB): peak = 2216.375 ; gain = 483.844 ; free physical = 8363 ; free virtual = 13256
---------------------------------------------------------------------------------
INFO: [Synth 8-6157] synthesizing module 'divider_fp32_srt4' [/home/brendan/synthesis_workspace/Floating_Point_Dividers/divider_fp32_srt4.sv:39]
INFO: [Synth 8-6157] synthesizing module 'fp32_classify' [/home/brendan/synthesis_workspace/Floating_Point_Dividers/fp32_classify.sv:24]
INFO: [Synth 8-6155] done synthesizing module 'fp32_classify' (0#1) [/home/brendan/synthesis_workspace/Floating_Point_Dividers/fp32_classify.sv:24]
INFO: [Synth 8-6157] synthesizing module 'fp32_exception_check' [/home/brendan/synthesis_workspace/Floating_Point_Dividers/fp32_exception_check.sv:32]
INFO: [Synth 8-6155] done synthesizing module 'fp32_exception_check' (0#1) [/home/brendan/synthesis_workspace/Floating_Point_Dividers/fp32_exception_check.sv:32]
INFO: [Synth 8-6157] synthesizing module 'fp32_round_rne' [/home/brendan/synthesis_workspace/Floating_Point_Dividers/fp32_round_rne.sv:48]
INFO: [Synth 8-6155] done synthesizing module 'fp32_round_rne' (0#1) [/home/brendan/synthesis_workspace/Floating_Point_Dividers/fp32_round_rne.sv:48]
INFO: [Synth 8-6155] done synthesizing module 'divider_fp32_srt4' (0#1) [/home/brendan/synthesis_workspace/Floating_Point_Dividers/divider_fp32_srt4.sv:39]
WARNING: [Synth 8-6014] Unused sequential element trial1_reg was removed.  [/home/brendan/synthesis_workspace/Floating_Point_Dividers/divider_fp32_srt4.sv:179]
WARNING: [Synth 8-6014] Unused sequential element rem_after_1_reg was removed.  [/home/brendan/synthesis_workspace/Floating_Point_Dividers/divider_fp32_srt4.sv:210]
WARNING: [Synth 8-6014] Unused sequential element bit1_reg was removed.  [/home/brendan/synthesis_workspace/Floating_Point_Dividers/divider_fp32_srt4.sv:211]
WARNING: [Synth 8-6014] Unused sequential element trial2_reg was removed.  [/home/brendan/synthesis_workspace/Floating_Point_Dividers/divider_fp32_srt4.sv:218]
WARNING: [Synth 8-6014] Unused sequential element bit2_reg was removed.  [/home/brendan/synthesis_workspace/Floating_Point_Dividers/divider_fp32_srt4.sv:221]
WARNING: [Synth 8-6014] Unused sequential element sticky_reg was removed.  [/home/brendan/synthesis_workspace/Floating_Point_Dividers/divider_fp32_srt4.sv:257]
WARNING: [Synth 8-6014] Unused sequential element norm_exp_reg was removed.  [/home/brendan/synthesis_workspace/Floating_Point_Dividers/divider_fp32_srt4.sv:260]
WARNING: [Synth 8-6014] Unused sequential element guard_reg was removed.  [/home/brendan/synthesis_workspace/Floating_Point_Dividers/divider_fp32_srt4.sv:261]
WARNING: [Synth 8-6014] Unused sequential element round_bit_reg was removed.  [/home/brendan/synthesis_workspace/Floating_Point_Dividers/divider_fp32_srt4.sv:262]
WARNING: [Synth 8-6014] Unused sequential element lsb_reg was removed.  [/home/brendan/synthesis_workspace/Floating_Point_Dividers/divider_fp32_srt4.sv:263]
WARNING: [Synth 8-6014] Unused sequential element round_up_reg was removed.  [/home/brendan/synthesis_workspace/Floating_Point_Dividers/divider_fp32_srt4.sv:264]
WARNING: [Synth 8-6014] Unused sequential element norm_mw_reg was removed.  [/home/brendan/synthesis_workspace/Floating_Point_Dividers/divider_fp32_srt4.sv:265]
WARNING: [Synth 8-7129] Port mant_wide[26] in module fp32_round_rne is either unconnected or has no load
WARNING: [Synth 8-7129] Port mant_wide[25] in module fp32_round_rne is either unconnected or has no load
WARNING: [Synth 8-7129] Port mant_wide[24] in module fp32_round_rne is either unconnected or has no load
WARNING: [Synth 8-7129] Port a_exp[7] in module fp32_exception_check is either unconnected or has no load
WARNING: [Synth 8-7129] Port a_exp[6] in module fp32_exception_check is either unconnected or has no load
WARNING: [Synth 8-7129] Port a_exp[5] in module fp32_exception_check is either unconnected or has no load
WARNING: [Synth 8-7129] Port a_exp[4] in module fp32_exception_check is either unconnected or has no load
WARNING: [Synth 8-7129] Port a_exp[3] in module fp32_exception_check is either unconnected or has no load
WARNING: [Synth 8-7129] Port a_exp[2] in module fp32_exception_check is either unconnected or has no load
WARNING: [Synth 8-7129] Port a_exp[1] in module fp32_exception_check is either unconnected or has no load
WARNING: [Synth 8-7129] Port a_exp[0] in module fp32_exception_check is either unconnected or has no load
WARNING: [Synth 8-7129] Port b_exp[7] in module fp32_exception_check is either unconnected or has no load
WARNING: [Synth 8-7129] Port b_exp[6] in module fp32_exception_check is either unconnected or has no load
WARNING: [Synth 8-7129] Port b_exp[5] in module fp32_exception_check is either unconnected or has no load
WARNING: [Synth 8-7129] Port b_exp[4] in module fp32_exception_check is either unconnected or has no load
WARNING: [Synth 8-7129] Port b_exp[3] in module fp32_exception_check is either unconnected or has no load
WARNING: [Synth 8-7129] Port b_exp[2] in module fp32_exception_check is either unconnected or has no load
WARNING: [Synth 8-7129] Port b_exp[1] in module fp32_exception_check is either unconnected or has no load
WARNING: [Synth 8-7129] Port b_exp[0] in module fp32_exception_check is either unconnected or has no load
---------------------------------------------------------------------------------
Finished RTL Elaboration : Time (s): cpu = 00:00:08 ; elapsed = 00:00:08 . Memory (MB): peak = 2304.344 ; gain = 571.812 ; free physical = 8260 ; free virtual = 13154
---------------------------------------------------------------------------------
---------------------------------------------------------------------------------
Start Handling Custom Attributes
---------------------------------------------------------------------------------
---------------------------------------------------------------------------------
Finished Handling Custom Attributes : Time (s): cpu = 00:00:08 ; elapsed = 00:00:08 . Memory (MB): peak = 2310.281 ; gain = 577.750 ; free physical = 8260 ; free virtual = 13154
---------------------------------------------------------------------------------
---------------------------------------------------------------------------------
Finished RTL Optimization Phase 1 : Time (s): cpu = 00:00:08 ; elapsed = 00:00:08 . Memory (MB): peak = 2310.281 ; gain = 577.750 ; free physical = 8260 ; free virtual = 13154
---------------------------------------------------------------------------------
Netlist sorting complete. Time (s): cpu = 00:00:00 ; elapsed = 00:00:00 . Memory (MB): peak = 2310.281 ; gain = 0.000 ; free physical = 8260 ; free virtual = 13154
INFO: [Project 1-570] Preparing netlist for logic optimization

Processing XDC Constraints
Initializing timing engine
Parsing XDC File [/home/brendan/synthesis_workspace/Floating_Point_Dividers/synthesis_logs/clock_divider_fp32_srt4.xdc]
Finished Parsing XDC File [/home/brendan/synthesis_workspace/Floating_Point_Dividers/synthesis_logs/clock_divider_fp32_srt4.xdc]
Completed Processing XDC Constraints

Netlist sorting complete. Time (s): cpu = 00:00:00 ; elapsed = 00:00:00 . Memory (MB): peak = 2462.992 ; gain = 0.000 ; free physical = 8244 ; free virtual = 13138
INFO: [Project 1-111] Unisim Transformation Summary:
No Unisim elements were transformed.

Constraint Validation Runtime : Time (s): cpu = 00:00:00.01 ; elapsed = 00:00:00 . Memory (MB): peak = 2463.027 ; gain = 0.000 ; free physical = 8244 ; free virtual = 13138
---------------------------------------------------------------------------------
Finished Constraint Validation : Time (s): cpu = 00:00:17 ; elapsed = 00:00:17 . Memory (MB): peak = 2463.027 ; gain = 730.496 ; free physical = 8247 ; free virtual = 13141
---------------------------------------------------------------------------------
---------------------------------------------------------------------------------
Start Loading Part and Timing Information
---------------------------------------------------------------------------------
Loading part: xc7a35tcpg236-1
---------------------------------------------------------------------------------
Finished Loading Part and Timing Information : Time (s): cpu = 00:00:17 ; elapsed = 00:00:17 . Memory (MB): peak = 2475.203 ; gain = 742.672 ; free physical = 8247 ; free virtual = 13141
---------------------------------------------------------------------------------
---------------------------------------------------------------------------------
Start Applying 'set_property' XDC Constraints
---------------------------------------------------------------------------------
---------------------------------------------------------------------------------
Finished applying 'set_property' XDC Constraints : Time (s): cpu = 00:00:17 ; elapsed = 00:00:17 . Memory (MB): peak = 2475.203 ; gain = 742.672 ; free physical = 8247 ; free virtual = 13141
---------------------------------------------------------------------------------
INFO: [Synth 8-802] inferred FSM for state register 'state_reg' in module 'divider_fp32_srt4'
---------------------------------------------------------------------------------------------------
                   State |                     New Encoding |                Previous Encoding 
---------------------------------------------------------------------------------------------------
                  S_IDLE |                              000 |                              000
             S_EXCEPTION |                              001 |                              110
                 S_SETUP |                              010 |                              001
            S_PRECOMPARE |                              011 |                              010
               S_ITERATE |                              100 |                              011
             S_NORMALISE |                              101 |                              100
                S_OUTPUT |                              110 |                              101
---------------------------------------------------------------------------------------------------
INFO: [Synth 8-3354] encoded FSM with state register 'state_reg' using encoding 'sequential' in module 'divider_fp32_srt4'
---------------------------------------------------------------------------------
Finished RTL Optimization Phase 2 : Time (s): cpu = 00:00:18 ; elapsed = 00:00:18 . Memory (MB): peak = 2475.203 ; gain = 742.672 ; free physical = 8239 ; free virtual = 13134
---------------------------------------------------------------------------------
---------------------------------------------------------------------------------
Start RTL Component Statistics 
---------------------------------------------------------------------------------
Detailed RTL Component Info : 
+---Adders : 
	   3 Input   25 Bit       Adders := 3     
	   2 Input   24 Bit       Adders := 1     
	   2 Input   10 Bit       Adders := 2     
	   3 Input   10 Bit       Adders := 1     
	   2 Input    4 Bit       Adders := 1     
+---XORs : 
	   2 Input      1 Bit         XORs := 2     
+---Registers : 
	               32 Bit    Registers := 2     
	               27 Bit    Registers := 2     
	               25 Bit    Registers := 1     
	               24 Bit    Registers := 1     
	               10 Bit    Registers := 2     
	                4 Bit    Registers := 1     
	                1 Bit    Registers := 10    
+---Muxes : 
	   7 Input   32 Bit        Muxes := 1     
	   7 Input   27 Bit        Muxes := 1     
	   2 Input   27 Bit        Muxes := 1     
	   2 Input   25 Bit        Muxes := 1     
	   7 Input   25 Bit        Muxes := 1     
	   2 Input   24 Bit        Muxes := 3     
	   2 Input   23 Bit        Muxes := 1     
	   7 Input    4 Bit        Muxes := 1     
	   7 Input    3 Bit        Muxes := 1     
	   2 Input    3 Bit        Muxes := 1     
	   2 Input    2 Bit        Muxes := 1     
	   9 Input    1 Bit        Muxes := 3     
	   2 Input    1 Bit        Muxes := 2     
	   7 Input    1 Bit        Muxes := 14    
---------------------------------------------------------------------------------
Finished RTL Component Statistics 
---------------------------------------------------------------------------------
---------------------------------------------------------------------------------
Start Part Resource Summary
---------------------------------------------------------------------------------
Part Resources:
DSPs: 90 (col length:60)
BRAMs: 100 (col length: RAMB18 60 RAMB36 30)
---------------------------------------------------------------------------------
Finished Part Resource Summary
---------------------------------------------------------------------------------
---------------------------------------------------------------------------------
Start Cross Boundary and Area Optimization
---------------------------------------------------------------------------------
---------------------------------------------------------------------------------
Finished Cross Boundary and Area Optimization : Time (s): cpu = 00:00:21 ; elapsed = 00:00:21 . Memory (MB): peak = 2475.203 ; gain = 742.672 ; free physical = 8234 ; free virtual = 13133
---------------------------------------------------------------------------------
---------------------------------------------------------------------------------
Start Applying XDC Timing Constraints
---------------------------------------------------------------------------------
---------------------------------------------------------------------------------
Finished Applying XDC Timing Constraints : Time (s): cpu = 00:00:26 ; elapsed = 00:00:27 . Memory (MB): peak = 2531.203 ; gain = 798.672 ; free physical = 8168 ; free virtual = 13068
---------------------------------------------------------------------------------
---------------------------------------------------------------------------------
Start Timing Optimization
---------------------------------------------------------------------------------
---------------------------------------------------------------------------------
Finished Timing Optimization : Time (s): cpu = 00:00:27 ; elapsed = 00:00:28 . Memory (MB): peak = 2562.234 ; gain = 829.703 ; free physical = 8137 ; free virtual = 13037
---------------------------------------------------------------------------------
---------------------------------------------------------------------------------
Start Technology Mapping
---------------------------------------------------------------------------------
---------------------------------------------------------------------------------
Finished Technology Mapping : Time (s): cpu = 00:00:28 ; elapsed = 00:00:28 . Memory (MB): peak = 2578.250 ; gain = 845.719 ; free physical = 8121 ; free virtual = 13021
---------------------------------------------------------------------------------
---------------------------------------------------------------------------------
Start IO Insertion
---------------------------------------------------------------------------------
---------------------------------------------------------------------------------
Start Flattening Before IO Insertion
---------------------------------------------------------------------------------
---------------------------------------------------------------------------------
Finished Flattening Before IO Insertion
---------------------------------------------------------------------------------
---------------------------------------------------------------------------------
Start Final Netlist Cleanup
---------------------------------------------------------------------------------
---------------------------------------------------------------------------------
Finished Final Netlist Cleanup
---------------------------------------------------------------------------------
---------------------------------------------------------------------------------
Finished IO Insertion : Time (s): cpu = 00:00:32 ; elapsed = 00:00:33 . Memory (MB): peak = 2736.062 ; gain = 1003.531 ; free physical = 7981 ; free virtual = 12880
---------------------------------------------------------------------------------
---------------------------------------------------------------------------------
Start Renaming Generated Instances
---------------------------------------------------------------------------------
---------------------------------------------------------------------------------
Finished Renaming Generated Instances : Time (s): cpu = 00:00:32 ; elapsed = 00:00:33 . Memory (MB): peak = 2736.062 ; gain = 1003.531 ; free physical = 7981 ; free virtual = 12880
---------------------------------------------------------------------------------
---------------------------------------------------------------------------------
Start Rebuilding User Hierarchy
---------------------------------------------------------------------------------
---------------------------------------------------------------------------------
Finished Rebuilding User Hierarchy : Time (s): cpu = 00:00:32 ; elapsed = 00:00:33 . Memory (MB): peak = 2736.062 ; gain = 1003.531 ; free physical = 7981 ; free virtual = 12880
---------------------------------------------------------------------------------
---------------------------------------------------------------------------------
Start Renaming Generated Ports
---------------------------------------------------------------------------------
---------------------------------------------------------------------------------
Finished Renaming Generated Ports : Time (s): cpu = 00:00:32 ; elapsed = 00:00:33 . Memory (MB): peak = 2736.062 ; gain = 1003.531 ; free physical = 7981 ; free virtual = 12880
---------------------------------------------------------------------------------
---------------------------------------------------------------------------------
Start Handling Custom Attributes
---------------------------------------------------------------------------------
---------------------------------------------------------------------------------
Finished Handling Custom Attributes : Time (s): cpu = 00:00:32 ; elapsed = 00:00:33 . Memory (MB): peak = 2736.062 ; gain = 1003.531 ; free physical = 7981 ; free virtual = 12880
---------------------------------------------------------------------------------
---------------------------------------------------------------------------------
Start Renaming Generated Nets
---------------------------------------------------------------------------------
---------------------------------------------------------------------------------
Finished Renaming Generated Nets : Time (s): cpu = 00:00:32 ; elapsed = 00:00:33 . Memory (MB): peak = 2736.062 ; gain = 1003.531 ; free physical = 7981 ; free virtual = 12880
---------------------------------------------------------------------------------
---------------------------------------------------------------------------------
Start Writing Synthesis Report
---------------------------------------------------------------------------------

Report BlackBoxes: 
+-+--------------+----------+
| |BlackBox name |Instances |
+-+--------------+----------+
+-+--------------+----------+

Report Cell Usage: 
+------+-------+------+
|      |Cell   |Count |
+------+-------+------+
|1     |BUFG   |     1|
|2     |CARRY4 |    28|
|3     |LUT1   |     4|
|4     |LUT2   |    68|
|5     |LUT3   |    82|
|6     |LUT4   |    46|
|7     |LUT5   |    31|
|8     |LUT6   |    76|
|9     |FDRE   |   171|
|10    |IBUF   |    68|
|11    |OBUF   |    38|
+------+-------+------+
---------------------------------------------------------------------------------
Finished Writing Synthesis Report : Time (s): cpu = 00:00:32 ; elapsed = 00:00:33 . Memory (MB): peak = 2736.062 ; gain = 1003.531 ; free physical = 7981 ; free virtual = 12880
---------------------------------------------------------------------------------
Synthesis finished with 0 errors, 0 critical warnings and 0 warnings.
Synthesis Optimization Runtime : Time (s): cpu = 00:00:30 ; elapsed = 00:00:31 . Memory (MB): peak = 2736.062 ; gain = 850.785 ; free physical = 7981 ; free virtual = 12880
Synthesis Optimization Complete : Time (s): cpu = 00:00:32 ; elapsed = 00:00:33 . Memory (MB): peak = 2736.070 ; gain = 1003.531 ; free physical = 7981 ; free virtual = 12880
INFO: [Project 1-571] Translating synthesized netlist
Netlist sorting complete. Time (s): cpu = 00:00:00.01 ; elapsed = 00:00:00 . Memory (MB): peak = 2736.070 ; gain = 0.000 ; free physical = 7981 ; free virtual = 12880
INFO: [Netlist 29-17] Analyzing 28 Unisim elements for replacement
INFO: [Netlist 29-28] Unisim Transformation completed in 0 CPU seconds
INFO: [Project 1-570] Preparing netlist for logic optimization
Parsing XDC File [/home/brendan/synthesis_workspace/Floating_Point_Dividers/synthesis_logs/clock_divider_fp32_srt4.xdc]
Finished Parsing XDC File [/home/brendan/synthesis_workspace/Floating_Point_Dividers/synthesis_logs/clock_divider_fp32_srt4.xdc]
INFO: [Opt 31-138] Pushed 0 inverter(s) to 0 load pin(s).
Netlist sorting complete. Time (s): cpu = 00:00:00 ; elapsed = 00:00:00 . Memory (MB): peak = 2772.695 ; gain = 0.000 ; free physical = 8142 ; free virtual = 13042
INFO: [Project 1-111] Unisim Transformation Summary:
No Unisim elements were transformed.

Synth Design complete | Checksum: 4fcf75e1
INFO: [Common 17-83] Releasing license: Synthesis
24 Infos, 31 Warnings, 0 Critical Warnings and 0 Errors encountered.
synth_design completed successfully
synth_design: Time (s): cpu = 00:00:41 ; elapsed = 00:00:39 . Memory (MB): peak = 2772.730 ; gain = 1160.340 ; free physical = 8146 ; free virtual = 13046
INFO: [Common 17-2834] synth_design peak Physical Memory [PSS] (MB): overall = 2172.487; main = 2089.181; forked = 345.549
INFO: [Common 17-2834] synth_design peak Virtual Memory [VSS] (MB): overall = 3656.270; main = 2772.699; forked = 1028.016
# report_utilization -file /home/brendan/synthesis_workspace/Floating_Point_Dividers/synthesis_logs/utilization_divider_fp32_srt4.rpt
# report_timing_summary -file /home/brendan/synthesis_workspace/Floating_Point_Dividers/synthesis_logs/timing_divider_fp32_srt4.rpt
INFO: [Timing 38-35] Done setting XDC timing constraints.
INFO: [Timing 38-91] UpdateTimingParams: Speed grade: -1, Delay Type: min_max.
INFO: [Timing 38-191] Multithreading enabled for timing update using a maximum of 4 CPUs
report_timing_summary: Time (s): cpu = 00:00:06 ; elapsed = 00:00:06 . Memory (MB): peak = 2788.695 ; gain = 15.965 ; free physical = 8120 ; free virtual = 13020
INFO: [Common 17-206] Exiting Vivado at Thu Mar 19 17:05:06 2026...
