#-----------------------------------------------------------
# Vivado v2025.2 (64-bit)
# SW Build 6299465 on Fri Nov 14 12:34:56 MST 2025
# IP Build 6300035 on Fri Nov 14 10:48:45 MST 2025
# SharedData Build 6298862 on Thu Nov 13 04:50:51 MST 2025
# Start of session at: Thu Mar 19 17:06:24 2026
# Process ID         : 14281
# Current directory  : /home/brendan/synthesis_workspace/Floating_Point_Dividers/synthesis_logs
# Command line       : vivado -mode batch -source synth_divider_fp32_goldschmidt.tcl -log vivado_divider_fp32_goldschmidt.log -journal vivado_divider_fp32_goldschmidt.jou
# Log file           : /home/brendan/synthesis_workspace/Floating_Point_Dividers/synthesis_logs/vivado_divider_fp32_goldschmidt.log
# Journal file       : /home/brendan/synthesis_workspace/Floating_Point_Dividers/synthesis_logs/vivado_divider_fp32_goldschmidt.jou
# Running On         : bren-ubuntu24-04
# Platform           : Ubuntu
# Operating System   : Ubuntu 24.04.4 LTS
# Processor Detail   : Intel(R) Core(TM) i7-3770 CPU @ 3.40GHz
# CPU Frequency      : 2884.990 MHz
# CPU Physical cores : 4
# CPU Logical cores  : 8
# Host memory        : 16630 MB
# Swap memory        : 4294 MB
# Total Virtual      : 20925 MB
# Available Virtual  : 15143 MB
#-----------------------------------------------------------
source synth_divider_fp32_goldschmidt.tcl
# set_param general.maxThreads 4
# create_project -in_memory -part xc7a35tcpg236-1
# read_verilog -sv [list \
#     /home/brendan/synthesis_workspace/Floating_Point_Dividers/divider_fp32_goldschmidt.sv \
#     /home/brendan/synthesis_workspace/Floating_Point_Dividers/fp32_classify.sv /home/brendan/synthesis_workspace/Floating_Point_Dividers/fp32_exception_check.sv /home/brendan/synthesis_workspace/Floating_Point_Dividers/fp32_round_rne.sv \
# ]
# set xdc_file "/home/brendan/synthesis_workspace/Floating_Point_Dividers/synthesis_logs/clock_divider_fp32_goldschmidt.xdc"
# set fp [open $xdc_file w]
# puts $fp "create_clock -period 10.000 -name CLK \[get_ports CLK\]"
# close $fp
# read_xdc $xdc_file
# synth_design -top divider_fp32_goldschmidt -part xc7a35tcpg236-1
Command: synth_design -top divider_fp32_goldschmidt -part xc7a35tcpg236-1
Starting synth_design
Attempting to get a license for feature 'Synthesis' and/or device 'xc7a35t'
INFO: [Common 17-349] Got license for feature 'Synthesis' and/or device 'xc7a35t'
INFO: [Device 21-403] Loading part xc7a35tcpg236-1
INFO: [Synth 8-7079] Multithreading enabled for synth_design using a maximum of 4 processes.
INFO: [Synth 8-7078] Launching helper process for spawning children vivado processes
INFO: [Synth 8-7075] Helper process launched with PID 14313
---------------------------------------------------------------------------------
Starting RTL Elaboration : Time (s): cpu = 00:00:06 ; elapsed = 00:00:06 . Memory (MB): peak = 2216.719 ; gain = 482.156 ; free physical = 8089 ; free virtual = 13031
---------------------------------------------------------------------------------
INFO: [Synth 8-6157] synthesizing module 'divider_fp32_goldschmidt' [/home/brendan/synthesis_workspace/Floating_Point_Dividers/divider_fp32_goldschmidt.sv:54]
INFO: [Synth 8-6157] synthesizing module 'fp32_classify' [/home/brendan/synthesis_workspace/Floating_Point_Dividers/fp32_classify.sv:24]
INFO: [Synth 8-6155] done synthesizing module 'fp32_classify' (0#1) [/home/brendan/synthesis_workspace/Floating_Point_Dividers/fp32_classify.sv:24]
INFO: [Synth 8-6157] synthesizing module 'fp32_exception_check' [/home/brendan/synthesis_workspace/Floating_Point_Dividers/fp32_exception_check.sv:32]
INFO: [Synth 8-6155] done synthesizing module 'fp32_exception_check' (0#1) [/home/brendan/synthesis_workspace/Floating_Point_Dividers/fp32_exception_check.sv:32]
INFO: [Synth 8-6157] synthesizing module 'fp32_round_rne' [/home/brendan/synthesis_workspace/Floating_Point_Dividers/fp32_round_rne.sv:48]
INFO: [Synth 8-6155] done synthesizing module 'fp32_round_rne' (0#1) [/home/brendan/synthesis_workspace/Floating_Point_Dividers/fp32_round_rne.sv:48]
INFO: [Synth 8-6155] done synthesizing module 'divider_fp32_goldschmidt' (0#1) [/home/brendan/synthesis_workspace/Floating_Point_Dividers/divider_fp32_goldschmidt.sv:54]
WARNING: [Synth 8-6014] Unused sequential element prod64_reg was removed.  [/home/brendan/synthesis_workspace/Floating_Point_Dividers/divider_fp32_goldschmidt.sv:199]
WARNING: [Synth 8-6014] Unused sequential element gs_sticky_reg was removed.  [/home/brendan/synthesis_workspace/Floating_Point_Dividers/divider_fp32_goldschmidt.sv:257]
WARNING: [Synth 8-6014] Unused sequential element gs_exp_adj_reg was removed.  [/home/brendan/synthesis_workspace/Floating_Point_Dividers/divider_fp32_goldschmidt.sv:259]
WARNING: [Synth 8-6014] Unused sequential element gs_mw_reg was removed.  [/home/brendan/synthesis_workspace/Floating_Point_Dividers/divider_fp32_goldschmidt.sv:260]
WARNING: [Synth 8-7129] Port mant_wide[26] in module fp32_round_rne is either unconnected or has no load
WARNING: [Synth 8-7129] Port mant_wide[25] in module fp32_round_rne is either unconnected or has no load
WARNING: [Synth 8-7129] Port mant_wide[24] in module fp32_round_rne is either unconnected or has no load
WARNING: [Synth 8-7129] Port a_exp[7] in module fp32_exception_check is either unconnected or has no load
WARNING: [Synth 8-7129] Port a_exp[6] in module fp32_exception_check is either unconnected or has no load
WARNING: [Synth 8-7129] Port a_exp[5] in module fp32_exception_check is either unconnected or has no load
WARNING: [Synth 8-7129] Port a_exp[4] in module fp32_exception_check is either unconnected or has no load
WARNING: [Synth 8-7129] Port a_exp[3] in module fp32_exception_check is either unconnected or has no load
WARNING: [Synth 8-7129] Port a_exp[2] in module fp32_exception_check is either unconnected or has no load
WARNING: [Synth 8-7129] Port a_exp[1] in module fp32_exception_check is either unconnected or has no load
WARNING: [Synth 8-7129] Port a_exp[0] in module fp32_exception_check is either unconnected or has no load
WARNING: [Synth 8-7129] Port b_exp[7] in module fp32_exception_check is either unconnected or has no load
WARNING: [Synth 8-7129] Port b_exp[6] in module fp32_exception_check is either unconnected or has no load
WARNING: [Synth 8-7129] Port b_exp[5] in module fp32_exception_check is either unconnected or has no load
WARNING: [Synth 8-7129] Port b_exp[4] in module fp32_exception_check is either unconnected or has no load
WARNING: [Synth 8-7129] Port b_exp[3] in module fp32_exception_check is either unconnected or has no load
WARNING: [Synth 8-7129] Port b_exp[2] in module fp32_exception_check is either unconnected or has no load
WARNING: [Synth 8-7129] Port b_exp[1] in module fp32_exception_check is either unconnected or has no load
WARNING: [Synth 8-7129] Port b_exp[0] in module fp32_exception_check is either unconnected or has no load
---------------------------------------------------------------------------------
Finished RTL Elaboration : Time (s): cpu = 00:00:08 ; elapsed = 00:00:08 . Memory (MB): peak = 2304.688 ; gain = 570.125 ; free physical = 8073 ; free virtual = 13017
---------------------------------------------------------------------------------
---------------------------------------------------------------------------------
Start Handling Custom Attributes
---------------------------------------------------------------------------------
---------------------------------------------------------------------------------
Finished Handling Custom Attributes : Time (s): cpu = 00:00:08 ; elapsed = 00:00:08 . Memory (MB): peak = 2313.594 ; gain = 579.031 ; free physical = 8073 ; free virtual = 13017
---------------------------------------------------------------------------------
---------------------------------------------------------------------------------
Finished RTL Optimization Phase 1 : Time (s): cpu = 00:00:08 ; elapsed = 00:00:08 . Memory (MB): peak = 2313.594 ; gain = 579.031 ; free physical = 8073 ; free virtual = 13017
---------------------------------------------------------------------------------
Netlist sorting complete. Time (s): cpu = 00:00:00.01 ; elapsed = 00:00:00.01 . Memory (MB): peak = 2313.594 ; gain = 0.000 ; free physical = 8073 ; free virtual = 13017
INFO: [Project 1-570] Preparing netlist for logic optimization

Processing XDC Constraints
Initializing timing engine
Parsing XDC File [/home/brendan/synthesis_workspace/Floating_Point_Dividers/synthesis_logs/clock_divider_fp32_goldschmidt.xdc]
Finished Parsing XDC File [/home/brendan/synthesis_workspace/Floating_Point_Dividers/synthesis_logs/clock_divider_fp32_goldschmidt.xdc]
Completed Processing XDC Constraints

Netlist sorting complete. Time (s): cpu = 00:00:00 ; elapsed = 00:00:00 . Memory (MB): peak = 2469.578 ; gain = 0.000 ; free physical = 8084 ; free virtual = 13027
INFO: [Project 1-111] Unisim Transformation Summary:
No Unisim elements were transformed.

Constraint Validation Runtime : Time (s): cpu = 00:00:00.01 ; elapsed = 00:00:00.01 . Memory (MB): peak = 2469.613 ; gain = 0.000 ; free physical = 8084 ; free virtual = 13027
---------------------------------------------------------------------------------
Finished Constraint Validation : Time (s): cpu = 00:00:17 ; elapsed = 00:00:17 . Memory (MB): peak = 2469.613 ; gain = 735.051 ; free physical = 8139 ; free virtual = 13083
---------------------------------------------------------------------------------
---------------------------------------------------------------------------------
Start Loading Part and Timing Information
---------------------------------------------------------------------------------
Loading part: xc7a35tcpg236-1
---------------------------------------------------------------------------------
Finished Loading Part and Timing Information : Time (s): cpu = 00:00:17 ; elapsed = 00:00:17 . Memory (MB): peak = 2481.789 ; gain = 747.227 ; free physical = 8139 ; free virtual = 13083
---------------------------------------------------------------------------------
---------------------------------------------------------------------------------
Start Applying 'set_property' XDC Constraints
---------------------------------------------------------------------------------
---------------------------------------------------------------------------------
Finished applying 'set_property' XDC Constraints : Time (s): cpu = 00:00:17 ; elapsed = 00:00:17 . Memory (MB): peak = 2481.789 ; gain = 747.227 ; free physical = 8139 ; free virtual = 13083
---------------------------------------------------------------------------------
INFO: [Synth 8-802] inferred FSM for state register 'state_reg' in module 'divider_fp32_goldschmidt'
---------------------------------------------------------------------------------------------------
                   State |                     New Encoding |                Previous Encoding 
---------------------------------------------------------------------------------------------------
                  S_IDLE |                       0000000001 |                             0000
             S_EXCEPTION |                       0000000010 |                             1000
            S_PRESCALE_N |                       0000000100 |                             0001
            S_PRESCALE_D |                       0000001000 |                             0010
             S_COMPUTE_F |                       0000010000 |                             0011
                 S_MUL_N |                       0000100000 |                             0100
                 S_MUL_D |                       0001000000 |                             0101
               S_EXTRACT |                       0010000000 |                             0110
             S_NORMALISE |                       0100000000 |                             0111
                S_OUTPUT |                       1000000000 |                             1001
---------------------------------------------------------------------------------------------------
INFO: [Synth 8-3354] encoded FSM with state register 'state_reg' using encoding 'one-hot' in module 'divider_fp32_goldschmidt'
---------------------------------------------------------------------------------
Finished RTL Optimization Phase 2 : Time (s): cpu = 00:00:17 ; elapsed = 00:00:18 . Memory (MB): peak = 2481.789 ; gain = 747.227 ; free physical = 8145 ; free virtual = 13089
---------------------------------------------------------------------------------
---------------------------------------------------------------------------------
Start RTL Component Statistics 
---------------------------------------------------------------------------------
Detailed RTL Component Info : 
+---Adders : 
	   2 Input   24 Bit       Adders := 1     
	   2 Input   10 Bit       Adders := 2     
	   3 Input   10 Bit       Adders := 1     
	   2 Input    2 Bit       Adders := 1     
+---XORs : 
	   2 Input      1 Bit         XORs := 2     
+---Registers : 
	               32 Bit    Registers := 6     
	               27 Bit    Registers := 1     
	               25 Bit    Registers := 1     
	               24 Bit    Registers := 2     
	               10 Bit    Registers := 2     
	                2 Bit    Registers := 1     
	                1 Bit    Registers := 10    
+---Multipliers : 
	              32x32  Multipliers := 2     
	              24x32  Multipliers := 2     
+---Muxes : 
	  10 Input   32 Bit        Muxes := 3     
	   2 Input   27 Bit        Muxes := 1     
	   2 Input   24 Bit        Muxes := 2     
	   2 Input   23 Bit        Muxes := 1     
	  10 Input   10 Bit        Muxes := 1     
	   2 Input   10 Bit        Muxes := 2     
	  10 Input    2 Bit        Muxes := 1     
	   2 Input    2 Bit        Muxes := 1     
	   9 Input    1 Bit        Muxes := 3     
	   2 Input    1 Bit        Muxes := 1     
	  10 Input    1 Bit        Muxes := 14    
---------------------------------------------------------------------------------
Finished RTL Component Statistics 
---------------------------------------------------------------------------------
---------------------------------------------------------------------------------
Start Part Resource Summary
---------------------------------------------------------------------------------
Part Resources:
DSPs: 90 (col length:60)
BRAMs: 100 (col length: RAMB18 60 RAMB36 30)
---------------------------------------------------------------------------------
Finished Part Resource Summary
---------------------------------------------------------------------------------
---------------------------------------------------------------------------------
Start Cross Boundary and Area Optimization
---------------------------------------------------------------------------------
DSP Report: Generating DSP n_reg0, operation Mode is: A2*B2.
DSP Report: register n_reg0 is absorbed into DSP n_reg0.
DSP Report: register n_reg0 is absorbed into DSP n_reg0.
DSP Report: operator n_reg0 is absorbed into DSP n_reg0.
DSP Report: operator n_reg0 is absorbed into DSP n_reg0.
DSP Report: Generating DSP n_reg0, operation Mode is: (PCIN>>17)+A2*B2.
DSP Report: register r0_reg_reg is absorbed into DSP n_reg0.
DSP Report: register n_reg0 is absorbed into DSP n_reg0.
DSP Report: operator n_reg0 is absorbed into DSP n_reg0.
DSP Report: operator n_reg0 is absorbed into DSP n_reg0.
DSP Report: Generating DSP d_reg0, operation Mode is: A2*B2.
DSP Report: register d_reg0 is absorbed into DSP d_reg0.
DSP Report: register d_reg0 is absorbed into DSP d_reg0.
DSP Report: operator d_reg0 is absorbed into DSP d_reg0.
DSP Report: operator d_reg0 is absorbed into DSP d_reg0.
DSP Report: Generating DSP d_reg0, operation Mode is: (PCIN>>17)+A2*B2.
DSP Report: register r0_reg_reg is absorbed into DSP d_reg0.
DSP Report: register d_reg0 is absorbed into DSP d_reg0.
DSP Report: operator d_reg0 is absorbed into DSP d_reg0.
DSP Report: operator d_reg0 is absorbed into DSP d_reg0.
DSP Report: Generating DSP d_reg0, operation Mode is: A2*B2.
DSP Report: register d_reg_reg is absorbed into DSP d_reg0.
DSP Report: register d_reg0 is absorbed into DSP d_reg0.
DSP Report: operator d_reg0 is absorbed into DSP d_reg0.
DSP Report: operator d_reg0 is absorbed into DSP d_reg0.
DSP Report: Generating DSP d_reg0, operation Mode is: (PCIN>>17)+A2*B2.
DSP Report: register f_reg_reg is absorbed into DSP d_reg0.
DSP Report: register d_reg_reg is absorbed into DSP d_reg0.
DSP Report: operator d_reg0 is absorbed into DSP d_reg0.
DSP Report: operator d_reg0 is absorbed into DSP d_reg0.
DSP Report: Generating DSP d_reg0, operation Mode is: A2*B2.
DSP Report: register d_reg0 is absorbed into DSP d_reg0.
DSP Report: register d_reg0 is absorbed into DSP d_reg0.
DSP Report: operator d_reg0 is absorbed into DSP d_reg0.
DSP Report: operator d_reg0 is absorbed into DSP d_reg0.
DSP Report: Generating DSP d_reg0, operation Mode is: (PCIN>>17)+A2*B2.
DSP Report: register f_reg_reg is absorbed into DSP d_reg0.
DSP Report: register d_reg0 is absorbed into DSP d_reg0.
DSP Report: operator d_reg0 is absorbed into DSP d_reg0.
DSP Report: operator d_reg0 is absorbed into DSP d_reg0.
DSP Report: Generating DSP n_reg0, operation Mode is: A2*B2.
DSP Report: register n_reg_reg is absorbed into DSP n_reg0.
DSP Report: register n_reg0 is absorbed into DSP n_reg0.
DSP Report: operator n_reg0 is absorbed into DSP n_reg0.
DSP Report: operator n_reg0 is absorbed into DSP n_reg0.
DSP Report: Generating DSP n_reg0, operation Mode is: (PCIN>>17)+A2*B2.
DSP Report: register f_reg_reg is absorbed into DSP n_reg0.
DSP Report: register n_reg_reg is absorbed into DSP n_reg0.
DSP Report: operator n_reg0 is absorbed into DSP n_reg0.
DSP Report: operator n_reg0 is absorbed into DSP n_reg0.
DSP Report: Generating DSP n_reg0, operation Mode is: A2*B2.
DSP Report: register n_reg0 is absorbed into DSP n_reg0.
DSP Report: register n_reg0 is absorbed into DSP n_reg0.
DSP Report: operator n_reg0 is absorbed into DSP n_reg0.
DSP Report: operator n_reg0 is absorbed into DSP n_reg0.
DSP Report: Generating DSP n_reg0, operation Mode is: (PCIN>>17)+A2*B2.
DSP Report: register f_reg_reg is absorbed into DSP n_reg0.
DSP Report: register n_reg0 is absorbed into DSP n_reg0.
DSP Report: operator n_reg0 is absorbed into DSP n_reg0.
DSP Report: operator n_reg0 is absorbed into DSP n_reg0.
---------------------------------------------------------------------------------
Finished Cross Boundary and Area Optimization : Time (s): cpu = 00:00:22 ; elapsed = 00:00:22 . Memory (MB): peak = 2481.789 ; gain = 747.227 ; free physical = 8137 ; free virtual = 13086
---------------------------------------------------------------------------------
 Sort Area is  d_reg0_6 : 0 0 : 3609 6827 : Used 1 time 0
 Sort Area is  d_reg0_6 : 0 1 : 3218 6827 : Used 1 time 0
 Sort Area is  n_reg0_b : 0 0 : 3609 6827 : Used 1 time 0
 Sort Area is  n_reg0_b : 0 1 : 3218 6827 : Used 1 time 0
 Sort Area is  d_reg0_0 : 0 0 : 3137 5949 : Used 1 time 0
 Sort Area is  d_reg0_0 : 0 1 : 2812 5949 : Used 1 time 0
 Sort Area is  n_reg0_9 : 0 0 : 3137 5949 : Used 1 time 0
 Sort Area is  n_reg0_9 : 0 1 : 2812 5949 : Used 1 time 0
 Sort Area is  d_reg0_3 : 0 0 : 2793 5484 : Used 1 time 0
 Sort Area is  d_reg0_3 : 0 1 : 2691 5484 : Used 1 time 0
 Sort Area is  n_reg0_a : 0 0 : 2793 5484 : Used 1 time 0
 Sort Area is  n_reg0_a : 0 1 : 2691 5484 : Used 1 time 0
---------------------------------------------------------------------------------
Start ROM, RAM, DSP, Shift Register and Retiming Reporting
---------------------------------------------------------------------------------

ROM: Preliminary Mapping Report
+-------------------------+------------+---------------+----------------+
|Module Name              | RTL Object | Depth x Width | Implemented As | 
+-------------------------+------------+---------------+----------------+
|divider_fp32_goldschmidt | seed_table | 256x9         | LUT            | 
|divider_fp32_goldschmidt | p_0_out    | 256x9         | LUT            | 
+-------------------------+------------+---------------+----------------+


DSP: Preliminary Mapping Report (see note below. The ' indicates corresponding REG is set)
+-------------------------+------------------+--------+--------+--------+--------+--------+------+------+------+------+-------+------+------+
|Module Name              | DSP Mapping      | A Size | B Size | C Size | D Size | P Size | AREG | BREG | CREG | DREG | ADREG | MREG | PREG | 
+-------------------------+------------------+--------+--------+--------+--------+--------+------+------+------+------+-------+------+------+
|divider_fp32_goldschmidt | A2*B2            | 25     | 18     | -      | -      | 48     | 1    | 1    | -    | -    | -     | 0    | 0    | 
|divider_fp32_goldschmidt | (PCIN>>17)+A2*B2 | 25     | 16     | -      | -      | 48     | 1    | 1    | -    | -    | -     | 0    | 0    | 
|divider_fp32_goldschmidt | A2*B2            | 25     | 18     | -      | -      | 48     | 1    | 1    | -    | -    | -     | 0    | 0    | 
|divider_fp32_goldschmidt | (PCIN>>17)+A2*B2 | 25     | 16     | -      | -      | 48     | 1    | 1    | -    | -    | -     | 0    | 0    | 
|divider_fp32_goldschmidt | A2*B2            | 18     | 16     | -      | -      | 48     | 1    | 1    | -    | -    | -     | 0    | 0    | 
|divider_fp32_goldschmidt | (PCIN>>17)+A2*B2 | 16     | 16     | -      | -      | 48     | 1    | 1    | -    | -    | -     | 0    | 0    | 
|divider_fp32_goldschmidt | A2*B2            | 18     | 18     | -      | -      | 48     | 1    | 1    | -    | -    | -     | 0    | 0    | 
|divider_fp32_goldschmidt | (PCIN>>17)+A2*B2 | 18     | 16     | -      | -      | 48     | 1    | 1    | -    | -    | -     | 0    | 0    | 
|divider_fp32_goldschmidt | A2*B2            | 18     | 16     | -      | -      | 48     | 1    | 1    | -    | -    | -     | 0    | 0    | 
|divider_fp32_goldschmidt | (PCIN>>17)+A2*B2 | 16     | 16     | -      | -      | 48     | 1    | 1    | -    | -    | -     | 0    | 0    | 
|divider_fp32_goldschmidt | A2*B2            | 18     | 18     | -      | -      | 48     | 1    | 1    | -    | -    | -     | 0    | 0    | 
|divider_fp32_goldschmidt | (PCIN>>17)+A2*B2 | 18     | 16     | -      | -      | 48     | 1    | 1    | -    | -    | -     | 0    | 0    | 
+-------------------------+------------------+--------+--------+--------+--------+--------+------+------+------+------+-------+------+------+

Note: The table above is a preliminary report that shows the DSPs inferred at the current stage of the synthesis flow. Some DSP may be reimplemented as non DSP primitives later in the synthesis flow. Multiple instantiated DSPs are reported only once.
---------------------------------------------------------------------------------
Finished ROM, RAM, DSP, Shift Register and Retiming Reporting
---------------------------------------------------------------------------------
---------------------------------------------------------------------------------
Start Applying XDC Timing Constraints
---------------------------------------------------------------------------------
---------------------------------------------------------------------------------
Finished Applying XDC Timing Constraints : Time (s): cpu = 00:00:30 ; elapsed = 00:00:30 . Memory (MB): peak = 2573.789 ; gain = 839.227 ; free physical = 8012 ; free virtual = 12961
---------------------------------------------------------------------------------
---------------------------------------------------------------------------------
Start Timing Optimization
---------------------------------------------------------------------------------
---------------------------------------------------------------------------------
Finished Timing Optimization : Time (s): cpu = 00:00:31 ; elapsed = 00:00:31 . Memory (MB): peak = 2603.820 ; gain = 869.258 ; free physical = 7992 ; free virtual = 12941
---------------------------------------------------------------------------------
---------------------------------------------------------------------------------
Start Technology Mapping
---------------------------------------------------------------------------------
---------------------------------------------------------------------------------
Finished Technology Mapping : Time (s): cpu = 00:00:31 ; elapsed = 00:00:32 . Memory (MB): peak = 2619.836 ; gain = 885.273 ; free physical = 7976 ; free virtual = 12925
---------------------------------------------------------------------------------
---------------------------------------------------------------------------------
Start IO Insertion
---------------------------------------------------------------------------------
---------------------------------------------------------------------------------
Start Flattening Before IO Insertion
---------------------------------------------------------------------------------
---------------------------------------------------------------------------------
Finished Flattening Before IO Insertion
---------------------------------------------------------------------------------
---------------------------------------------------------------------------------
Start Final Netlist Cleanup
---------------------------------------------------------------------------------
---------------------------------------------------------------------------------
Finished Final Netlist Cleanup
---------------------------------------------------------------------------------
---------------------------------------------------------------------------------
Finished IO Insertion : Time (s): cpu = 00:00:36 ; elapsed = 00:00:36 . Memory (MB): peak = 2781.648 ; gain = 1047.086 ; free physical = 7835 ; free virtual = 12784
---------------------------------------------------------------------------------
---------------------------------------------------------------------------------
Start Renaming Generated Instances
---------------------------------------------------------------------------------
---------------------------------------------------------------------------------
Finished Renaming Generated Instances : Time (s): cpu = 00:00:36 ; elapsed = 00:00:36 . Memory (MB): peak = 2781.648 ; gain = 1047.086 ; free physical = 7835 ; free virtual = 12784
---------------------------------------------------------------------------------
---------------------------------------------------------------------------------
Start Rebuilding User Hierarchy
---------------------------------------------------------------------------------
---------------------------------------------------------------------------------
Finished Rebuilding User Hierarchy : Time (s): cpu = 00:00:36 ; elapsed = 00:00:37 . Memory (MB): peak = 2781.648 ; gain = 1047.086 ; free physical = 7835 ; free virtual = 12784
---------------------------------------------------------------------------------
---------------------------------------------------------------------------------
Start Renaming Generated Ports
---------------------------------------------------------------------------------
---------------------------------------------------------------------------------
Finished Renaming Generated Ports : Time (s): cpu = 00:00:36 ; elapsed = 00:00:37 . Memory (MB): peak = 2781.648 ; gain = 1047.086 ; free physical = 7835 ; free virtual = 12784
---------------------------------------------------------------------------------
---------------------------------------------------------------------------------
Start Handling Custom Attributes
---------------------------------------------------------------------------------
---------------------------------------------------------------------------------
Finished Handling Custom Attributes : Time (s): cpu = 00:00:36 ; elapsed = 00:00:37 . Memory (MB): peak = 2781.648 ; gain = 1047.086 ; free physical = 7835 ; free virtual = 12784
---------------------------------------------------------------------------------
---------------------------------------------------------------------------------
Start Renaming Generated Nets
---------------------------------------------------------------------------------
---------------------------------------------------------------------------------
Finished Renaming Generated Nets : Time (s): cpu = 00:00:36 ; elapsed = 00:00:37 . Memory (MB): peak = 2781.648 ; gain = 1047.086 ; free physical = 7835 ; free virtual = 12784
---------------------------------------------------------------------------------
---------------------------------------------------------------------------------
Start Writing Synthesis Report
---------------------------------------------------------------------------------

DSP Final Report (the ' indicates corresponding REG is set)
+-------------------------+----------------+--------+--------+--------+--------+--------+------+------+------+------+-------+------+------+
|Module Name              | DSP Mapping    | A Size | B Size | C Size | D Size | P Size | AREG | BREG | CREG | DREG | ADREG | MREG | PREG | 
+-------------------------+----------------+--------+--------+--------+--------+--------+------+------+------+------+-------+------+------+
|divider_fp32_goldschmidt | A'*B           | 24     | 0      | -      | -      | 48     | 1    | 0    | -    | -    | -     | 0    | 0    | 
|divider_fp32_goldschmidt | PCIN>>17+A*B'  | 0      | 15     | -      | -      | 48     | 0    | 1    | -    | -    | -     | 0    | 0    | 
|divider_fp32_goldschmidt | A'*B           | 24     | 0      | -      | -      | 48     | 1    | 0    | -    | -    | -     | 0    | 0    | 
|divider_fp32_goldschmidt | PCIN>>17+A'*B' | 24     | 15     | -      | -      | 48     | 1    | 1    | -    | -    | -     | 0    | 0    | 
|divider_fp32_goldschmidt | A'*B'          | 17     | 15     | -      | -      | 48     | 1    | 1    | -    | -    | -     | 0    | 0    | 
|divider_fp32_goldschmidt | PCIN>>17+A'*B' | 15     | 15     | -      | -      | 48     | 1    | 1    | -    | -    | -     | 0    | 0    | 
|divider_fp32_goldschmidt | A'*B'          | 17     | 17     | -      | -      | 48     | 1    | 1    | -    | -    | -     | 0    | 0    | 
|divider_fp32_goldschmidt | PCIN>>17+A'*B' | 17     | 15     | -      | -      | 48     | 1    | 1    | -    | -    | -     | 0    | 0    | 
|divider_fp32_goldschmidt | A'*B'          | 17     | 15     | -      | -      | 48     | 1    | 1    | -    | -    | -     | 0    | 0    | 
|divider_fp32_goldschmidt | PCIN>>17+A'*B' | 15     | 15     | -      | -      | 48     | 1    | 1    | -    | -    | -     | 0    | 0    | 
|divider_fp32_goldschmidt | A'*B'          | 17     | 17     | -      | -      | 48     | 1    | 1    | -    | -    | -     | 0    | 0    | 
|divider_fp32_goldschmidt | PCIN>>17+A'*B' | 17     | 15     | -      | -      | 48     | 1    | 1    | -    | -    | -     | 0    | 0    | 
+-------------------------+----------------+--------+--------+--------+--------+--------+------+------+------+------+-------+------+------+


Report BlackBoxes: 
+-+--------------+----------+
| |BlackBox name |Instances |
+-+--------------+----------+
+-+--------------+----------+

Report Cell Usage: 
+------+--------+------+
|      |Cell    |Count |
+------+--------+------+
|1     |BUFG    |     1|
|2     |CARRY4  |    41|
|3     |DSP48E1 |    12|
|5     |LUT1    |    32|
|6     |LUT2    |   139|
|7     |LUT3    |    58|
|8     |LUT4    |   111|
|9     |LUT5    |    28|
|10    |LUT6    |    49|
|11    |MUXF7   |     8|
|12    |MUXF8   |     4|
|13    |FDRE    |   188|
|14    |FDSE    |     1|
|15    |IBUF    |    68|
|16    |OBUF    |    38|
+------+--------+------+
---------------------------------------------------------------------------------
Finished Writing Synthesis Report : Time (s): cpu = 00:00:36 ; elapsed = 00:00:37 . Memory (MB): peak = 2781.648 ; gain = 1047.086 ; free physical = 7835 ; free virtual = 12784
---------------------------------------------------------------------------------
Synthesis finished with 0 errors, 0 critical warnings and 0 warnings.
Synthesis Optimization Runtime : Time (s): cpu = 00:00:34 ; elapsed = 00:00:35 . Memory (MB): peak = 2781.648 ; gain = 891.066 ; free physical = 7835 ; free virtual = 12784
Synthesis Optimization Complete : Time (s): cpu = 00:00:36 ; elapsed = 00:00:37 . Memory (MB): peak = 2781.656 ; gain = 1047.086 ; free physical = 7835 ; free virtual = 12784
INFO: [Project 1-571] Translating synthesized netlist
Netlist sorting complete. Time (s): cpu = 00:00:00.01 ; elapsed = 00:00:00.01 . Memory (MB): peak = 2781.656 ; gain = 0.000 ; free physical = 7835 ; free virtual = 12784
INFO: [Netlist 29-17] Analyzing 65 Unisim elements for replacement
INFO: [Netlist 29-28] Unisim Transformation completed in 0 CPU seconds
INFO: [Project 1-570] Preparing netlist for logic optimization
Parsing XDC File [/home/brendan/synthesis_workspace/Floating_Point_Dividers/synthesis_logs/clock_divider_fp32_goldschmidt.xdc]
Finished Parsing XDC File [/home/brendan/synthesis_workspace/Floating_Point_Dividers/synthesis_logs/clock_divider_fp32_goldschmidt.xdc]
INFO: [Opt 31-138] Pushed 0 inverter(s) to 0 load pin(s).
Netlist sorting complete. Time (s): cpu = 00:00:00 ; elapsed = 00:00:00 . Memory (MB): peak = 2818.281 ; gain = 0.000 ; free physical = 8011 ; free virtual = 12960
INFO: [Project 1-111] Unisim Transformation Summary:
No Unisim elements were transformed.

Synth Design complete | Checksum: 87f370
INFO: [Common 17-83] Releasing license: Synthesis
24 Infos, 23 Warnings, 0 Critical Warnings and 0 Errors encountered.
synth_design completed successfully
synth_design: Time (s): cpu = 00:00:46 ; elapsed = 00:00:43 . Memory (MB): peak = 2818.316 ; gain = 1206.895 ; free physical = 8014 ; free virtual = 12963
INFO: [Common 17-2834] synth_design peak Physical Memory [PSS] (MB): overall = 2140.772; main = 2140.772; forked = 345.637
INFO: [Common 17-2834] synth_design peak Virtual Memory [VSS] (MB): overall = 3590.809; main = 2818.285; forked = 1028.016
# report_utilization -file /home/brendan/synthesis_workspace/Floating_Point_Dividers/synthesis_logs/utilization_divider_fp32_goldschmidt.rpt
# report_timing_summary -file /home/brendan/synthesis_workspace/Floating_Point_Dividers/synthesis_logs/timing_divider_fp32_goldschmidt.rpt
INFO: [Timing 38-35] Done setting XDC timing constraints.
INFO: [Timing 38-91] UpdateTimingParams: Speed grade: -1, Delay Type: min_max.
INFO: [Timing 38-191] Multithreading enabled for timing update using a maximum of 4 CPUs
report_timing_summary: Time (s): cpu = 00:00:07 ; elapsed = 00:00:06 . Memory (MB): peak = 2818.316 ; gain = 0.000 ; free physical = 7996 ; free virtual = 12945
INFO: [Common 17-206] Exiting Vivado at Thu Mar 19 17:07:20 2026...
