#-----------------------------------------------------------
# Vivado v2025.2 (64-bit)
# SW Build 6299465 on Fri Nov 14 12:34:56 MST 2025
# IP Build 6300035 on Fri Nov 14 10:48:45 MST 2025
# SharedData Build 6298862 on Thu Nov 13 04:50:51 MST 2025
# Start of session at: Thu Mar 19 16:06:47 2026
# Process ID         : 116147
# Current directory  : /home/brendan/synthesis_workspace/Floating_Point_Dividers/synthesis_logs
# Command line       : vivado -mode batch -source synth_divider_fp32_restoring.tcl -log vivado_divider_fp32_restoring.log -journal vivado_divider_fp32_restoring.jou
# Log file           : /home/brendan/synthesis_workspace/Floating_Point_Dividers/synthesis_logs/vivado_divider_fp32_restoring.log
# Journal file       : /home/brendan/synthesis_workspace/Floating_Point_Dividers/synthesis_logs/vivado_divider_fp32_restoring.jou
# Running On         : bren-ubuntu24-04
# Platform           : Ubuntu
# Operating System   : Ubuntu 24.04.4 LTS
# Processor Detail   : Intel(R) Core(TM) i7-3770 CPU @ 3.40GHz
# CPU Frequency      : 3692.101 MHz
# CPU Physical cores : 4
# CPU Logical cores  : 8
# Host memory        : 16630 MB
# Swap memory        : 4294 MB
# Total Virtual      : 20925 MB
# Available Virtual  : 8173 MB
#-----------------------------------------------------------
source synth_divider_fp32_restoring.tcl
# create_project -in_memory -part xc7a35tcpg236-1
create_project: Time (s): cpu = 00:00:17 ; elapsed = 00:00:47 . Memory (MB): peak = 1732.387 ; gain = 292.059 ; free physical = 242 ; free virtual = 5115
# read_verilog -sv [list \
#     /home/brendan/synthesis_workspace/Floating_Point_Dividers/divider_fp32_restoring.sv \
#     /home/brendan/synthesis_workspace/Floating_Point_Dividers/fp32_classify.sv \
#     /home/brendan/synthesis_workspace/Floating_Point_Dividers/fp32_exception_check.sv \
#     /home/brendan/synthesis_workspace/Floating_Point_Dividers/fp32_round_rne.sv \
# ]
# set_property top divider_fp32_restoring [current_fileset]
# read_xdc -unmanaged [file join [file dirname [info script]] divider_fp32_restoring.xdc]
# synth_design -top divider_fp32_restoring -part xc7a35tcpg236-1
Command: synth_design -top divider_fp32_restoring -part xc7a35tcpg236-1
Starting synth_design
Attempting to get a license for feature 'Synthesis' and/or device 'xc7a35t'
INFO: [Common 17-349] Got license for feature 'Synthesis' and/or device 'xc7a35t'
